<?xml version="1.0" encoding="UTF-8"?>
<testsuite name="com.bridgelabz.javapractice.EmployeePayrollServiceTest" tests="1" skipped="0" failures="0" errors="0" timestamp="2020-11-05T07:34:32" hostname="LAPTOP-RGI87V6B" time="3.139">
  <properties/>
  <testcase name="givenNewPhoneNumberForEmployee_whenUpdatedToJsonServer_shouldMatch200Response" classname="com.bridgelabz.javapractice.EmployeePayrollServiceTest" time="3.139"/>
  <system-out><![CDATA[EMPLOYEE PAYROLL ENTRIES IN JSON Server:
[
  {
    "id": 1,
    "name": "Bill",
    "phoneNumber": "1234567890",
    "address": "California",
    "gender": "M",
    "startDate": {
      "year": "2018",
      "month": "01",
      "day": "03"
    }
  },
  {
    "id": 2,
    "name": "Terisa",
    "phoneNumber": "1111333344",
    "address": "Dubai",
    "gender": "F",
    "startDate": {
      "year": "2019",
      "month": "11",
      "day": "13"
    }
  },
  {
    "id": 3,
    "name": "Charlie",
    "phoneNumber": "7890123456",
    "address": "NY",
    "gender": "M",
    "startDate": {
      "year": "2020",
      "month": "05",
      "day": "21"
    }
  },
  {
    "id": 4,
    "name": "Samuel",
    "startDate": {
      "year": 2020,
      "month": 11,
      "day": 5
    },
    "phone_number": "9867453654",
    "gender": "M",
    "address": "Kansas"
  },
  {
    "id": 5,
    "name": "Akhiro",
    "startDate": {
      "year": 2020,
      "month": 11,
      "day": 5
    },
    "phone_number": "3918274056",
    "gender": "M",
    "address": "Japan"
  },
  {
    "id": 6,
    "name": "Kim",
    "startDate": {
      "year": 2020,
      "month": 11,
      "day": 5
    },
    "phone_number": "5500440077",
    "gender": "F",
    "address": "Malibu"
  }
]
]]></system-out>
  <system-err><![CDATA[]]></system-err>
</testsuite>
