<?xml version="1.0" encoding="UTF-8"?>
<testsuite name="com.bridgelabz.javapractice.EmployeePayrollServiceTest" tests="1" skipped="0" failures="1" errors="0" timestamp="2020-11-03T09:09:23" hostname="LAPTOP-RGI87V6B" time="0.671">
  <properties/>
  <testcase name="given6Employees_whenAddedToDB_shouldMatchEmployeeEntries" classname="com.bridgelabz.javapractice.EmployeePayrollServiceTest" time="0.671">
    <failure message="java.lang.AssertionError: expected:&lt;8&gt; but was:&lt;6&gt;" type="java.lang.AssertionError">java.lang.AssertionError: expected:&lt;8&gt; but was:&lt;6&gt;
	at org.junit.Assert.fail(Assert.java:88)
	at org.junit.Assert.failNotEquals(Assert.java:834)
	at org.junit.Assert.assertEquals(Assert.java:645)
	at org.junit.Assert.assertEquals(Assert.java:631)
	at com.bridgelabz.javapractice.EmployeePayrollServiceTest.given6Employees_whenAddedToDB_shouldMatchEmployeeEntries(EmployeePayrollServiceTest.java:172)
	at sun.reflect.NativeMethodAccessorImpl.invoke0(Native Method)
	at sun.reflect.NativeMethodAccessorImpl.invoke(NativeMethodAccessorImpl.java:62)
	at sun.reflect.DelegatingMethodAccessorImpl.invoke(DelegatingMethodAccessorImpl.java:43)
	at java.lang.reflect.Method.invoke(Method.java:498)
	at org.junit.runners.model.FrameworkMethod$1.runReflectiveCall(FrameworkMethod.java:50)
	at org.junit.internal.runners.model.ReflectiveCallable.run(ReflectiveCallable.java:12)
	at org.junit.runners.model.FrameworkMethod.invokeExplosively(FrameworkMethod.java:47)
	at org.junit.internal.runners.statements.InvokeMethod.evaluate(InvokeMethod.java:17)
	at org.junit.internal.runners.statements.RunBefores.evaluate(RunBefores.java:26)
	at org.junit.runners.ParentRunner.runLeaf(ParentRunner.java:325)
	at org.junit.runners.BlockJUnit4ClassRunner.runChild(BlockJUnit4ClassRunner.java:78)
	at org.junit.runners.BlockJUnit4ClassRunner.runChild(BlockJUnit4ClassRunner.java:57)
	at org.junit.runners.ParentRunner$3.run(ParentRunner.java:290)
	at org.junit.runners.ParentRunner$1.schedule(ParentRunner.java:71)
	at org.junit.runners.ParentRunner.runChildren(ParentRunner.java:288)
	at org.junit.runners.ParentRunner.access$000(ParentRunner.java:58)
	at org.junit.runners.ParentRunner$2.evaluate(ParentRunner.java:268)
	at org.junit.runners.ParentRunner.run(ParentRunner.java:363)
	at org.gradle.api.internal.tasks.testing.junit.JUnitTestClassExecutor.runTestClass(JUnitTestClassExecutor.java:110)
	at org.gradle.api.internal.tasks.testing.junit.JUnitTestClassExecutor.execute(JUnitTestClassExecutor.java:58)
	at org.gradle.api.internal.tasks.testing.junit.JUnitTestClassExecutor.execute(JUnitTestClassExecutor.java:38)
	at org.gradle.api.internal.tasks.testing.junit.AbstractJUnitTestClassProcessor.processTestClass(AbstractJUnitTestClassProcessor.java:62)
	at org.gradle.api.internal.tasks.testing.SuiteTestClassProcessor.processTestClass(SuiteTestClassProcessor.java:51)
	at sun.reflect.NativeMethodAccessorImpl.invoke0(Native Method)
	at sun.reflect.NativeMethodAccessorImpl.invoke(NativeMethodAccessorImpl.java:62)
	at sun.reflect.DelegatingMethodAccessorImpl.invoke(DelegatingMethodAccessorImpl.java:43)
	at java.lang.reflect.Method.invoke(Method.java:498)
	at org.gradle.internal.dispatch.ReflectionDispatch.dispatch(ReflectionDispatch.java:36)
	at org.gradle.internal.dispatch.ReflectionDispatch.dispatch(ReflectionDispatch.java:24)
	at org.gradle.internal.dispatch.ContextClassLoaderDispatch.dispatch(ContextClassLoaderDispatch.java:33)
	at org.gradle.internal.dispatch.ProxyDispatchAdapter$DispatchingInvocationHandler.invoke(ProxyDispatchAdapter.java:94)
	at com.sun.proxy.$Proxy2.processTestClass(Unknown Source)
	at org.gradle.api.internal.tasks.testing.worker.TestWorker.processTestClass(TestWorker.java:118)
	at sun.reflect.NativeMethodAccessorImpl.invoke0(Native Method)
	at sun.reflect.NativeMethodAccessorImpl.invoke(NativeMethodAccessorImpl.java:62)
	at sun.reflect.DelegatingMethodAccessorImpl.invoke(DelegatingMethodAccessorImpl.java:43)
	at java.lang.reflect.Method.invoke(Method.java:498)
	at org.gradle.internal.dispatch.ReflectionDispatch.dispatch(ReflectionDispatch.java:36)
	at org.gradle.internal.dispatch.ReflectionDispatch.dispatch(ReflectionDispatch.java:24)
	at org.gradle.internal.remote.internal.hub.MessageHubBackedObjectConnection$DispatchWrapper.dispatch(MessageHubBackedObjectConnection.java:182)
	at org.gradle.internal.remote.internal.hub.MessageHubBackedObjectConnection$DispatchWrapper.dispatch(MessageHubBackedObjectConnection.java:164)
	at org.gradle.internal.remote.internal.hub.MessageHub$Handler.run(MessageHub.java:412)
	at org.gradle.internal.concurrent.ExecutorPolicy$CatchAndRecordFailures.onExecute(ExecutorPolicy.java:64)
	at org.gradle.internal.concurrent.ManagedExecutorImpl$1.run(ManagedExecutorImpl.java:48)
	at java.util.concurrent.ThreadPoolExecutor.runWorker(ThreadPoolExecutor.java:1149)
	at java.util.concurrent.ThreadPoolExecutor$Worker.run(ThreadPoolExecutor.java:624)
	at org.gradle.internal.concurrent.ThreadFactoryImpl$ManagedThreadRunnable.run(ThreadFactoryImpl.java:56)
	at java.lang.Thread.run(Thread.java:748)
</failure>
  </testcase>
  <system-out><![CDATA[Employee Being Added: Samuel
com.mysql.cj.jdbc.result.ResultSetImpl@239cf6f1
137
addEmployeeData being Called this no. Of times: 1
Employee Added: Samuel
Employee Being Added: Ashley
com.mysql.cj.jdbc.result.ResultSetImpl@4e592e77
138
addEmployeeData being Called this no. Of times: 2
Employee Added: Ashley
AFTER PROCESS OPERATION-------------------------
[EmployeePayrollData{id=1, name='Bill', startDate=2018-01-03, phone_number='1234567890', gender='M', address='California'}, EmployeePayrollData{id=2, name='Terisa', startDate=2019-11-13, phone_number='1111333344', gender='F', address='Dubai'}, EmployeePayrollData{id=3, name='Charlie', startDate=2020-05-21, phone_number='7890123456', gender='M', address='NY'}, EmployeePayrollData{id=9, name='Mark', startDate=2020-11-01, phone_number='123468768', gender='M', address='Mexico'}, EmployeePayrollData{id=137, name='Samuel', startDate=2020-11-03, phone_number='9867453654', gender='M', address='Kansas'}, EmployeePayrollData{id=138, name='Ashley', startDate=2020-11-03, phone_number='1029384756', gender='F', address='Australia'}]
Duration Without Thread: PT0.245S
AFTER THREADS OPERATION-------------------------
[EmployeePayrollData{id=1, name='Bill', startDate=2018-01-03, phone_number='1234567890', gender='M', address='California'}, EmployeePayrollData{id=2, name='Terisa', startDate=2019-11-13, phone_number='1111333344', gender='F', address='Dubai'}, EmployeePayrollData{id=3, name='Charlie', startDate=2020-05-21, phone_number='7890123456', gender='M', address='NY'}, EmployeePayrollData{id=9, name='Mark', startDate=2020-11-01, phone_number='123468768', gender='M', address='Mexico'}, EmployeePayrollData{id=137, name='Samuel', startDate=2020-11-03, phone_number='9867453654', gender='M', address='Kansas'}, EmployeePayrollData{id=138, name='Ashley', startDate=2020-11-03, phone_number='1029384756', gender='F', address='Australia'}]
Duration With Thread: PT0.004S
[EmployeePayrollData{id=1, name='Bill', startDate=2018-01-03, phone_number='1234567890', gender='M', address='California'}, EmployeePayrollData{id=2, name='Terisa', startDate=2019-11-13, phone_number='1111333344', gender='F', address='Dubai'}, EmployeePayrollData{id=3, name='Charlie', startDate=2020-05-21, phone_number='7890123456', gender='M', address='NY'}, EmployeePayrollData{id=9, name='Mark', startDate=2020-11-01, phone_number='123468768', gender='M', address='Mexico'}, EmployeePayrollData{id=137, name='Samuel', startDate=2020-11-03, phone_number='9867453654', gender='M', address='Kansas'}, EmployeePayrollData{id=138, name='Ashley', startDate=2020-11-03, phone_number='1029384756', gender='F', address='Australia'}]
Employee Being Added Via Thread: Kim
]]></system-out>
  <system-err><![CDATA[]]></system-err>
</testsuite>
