<?xml version="1.0" encoding="UTF-8"?>
<testsuite name="com.bridgelabz.javapractice.EmployeePayrollServiceTest" tests="1" skipped="0" failures="0" errors="0" timestamp="2020-11-04T04:44:01" hostname="LAPTOP-RGI87V6B" time="2.294">
  <properties/>
  <testcase name="given6Employees_whenAddedToDB_shouldMatchEmployeeEntries" classname="com.bridgelabz.javapractice.EmployeePayrollServiceTest" time="2.294"/>
  <system-out><![CDATA[Employee Being Added: Samuel
com.mysql.cj.jdbc.result.ResultSetImpl@239cf6f1
171
addEmployeeData being Called this no. Of times: 1
Employee Added: Samuel
Employee Being Added: Ashley
com.mysql.cj.jdbc.result.ResultSetImpl@4e592e77
172
addEmployeeData being Called this no. Of times: 2
Employee Added: Ashley
AFTER PROCESS OPERATION-------------------------
[EmployeePayrollData{id=1, name='Bill', startDate=2018-01-03, phone_number='1234567890', gender='M', address='California'}, EmployeePayrollData{id=2, name='Terisa', startDate=2019-11-13, phone_number='1111333344', gender='F', address='Dubai'}, EmployeePayrollData{id=3, name='Charlie', startDate=2020-05-21, phone_number='7890123456', gender='M', address='NY'}, EmployeePayrollData{id=9, name='Mark', startDate=2020-11-01, phone_number='123468768', gender='M', address='Mexico'}, EmployeePayrollData{id=171, name='Samuel', startDate=2020-11-04, phone_number='9867453654', gender='M', address='Kansas'}, EmployeePayrollData{id=172, name='Ashley', startDate=2020-11-04, phone_number='1029384756', gender='F', address='Australia'}]
Duration Without Thread: PT0.248S
AFTER THREADS OPERATION-------------------------
[EmployeePayrollData{id=1, name='Bill', startDate=2018-01-03, phone_number='1234567890', gender='M', address='California'}, EmployeePayrollData{id=2, name='Terisa', startDate=2019-11-13, phone_number='1111333344', gender='F', address='Dubai'}, EmployeePayrollData{id=3, name='Charlie', startDate=2020-05-21, phone_number='7890123456', gender='M', address='NY'}, EmployeePayrollData{id=9, name='Mark', startDate=2020-11-01, phone_number='123468768', gender='M', address='Mexico'}, EmployeePayrollData{id=171, name='Samuel', startDate=2020-11-04, phone_number='9867453654', gender='M', address='Kansas'}, EmployeePayrollData{id=172, name='Ashley', startDate=2020-11-04, phone_number='1029384756', gender='F', address='Australia'}]
Employee Being Added Via Thread: Akhiro
Employee Being Added Via Thread: Kim
com.mysql.cj.jdbc.result.ResultSetImpl@405bfd6e
174
addEmployeeData being Called this no. Of times: 3
Employee Added Via Thread: Akhiro
com.mysql.cj.jdbc.result.ResultSetImpl@334d9af1
173
addEmployeeData being Called this no. Of times: 4
Employee Added Via Thread: Kim
Duration With Thread: PT1.611S
[EmployeePayrollData{id=1, name='Bill', startDate=2018-01-03, phone_number='1234567890', gender='M', address='California'}, EmployeePayrollData{id=2, name='Terisa', startDate=2019-11-13, phone_number='1111333344', gender='F', address='Dubai'}, EmployeePayrollData{id=3, name='Charlie', startDate=2020-05-21, phone_number='7890123456', gender='M', address='NY'}, EmployeePayrollData{id=9, name='Mark', startDate=2020-11-01, phone_number='123468768', gender='M', address='Mexico'}, EmployeePayrollData{id=171, name='Samuel', startDate=2020-11-04, phone_number='9867453654', gender='M', address='Kansas'}, EmployeePayrollData{id=172, name='Ashley', startDate=2020-11-04, phone_number='1029384756', gender='F', address='Australia'}, EmployeePayrollData{id=174, name='Akhiro', startDate=2020-11-04, phone_number='3918274056', gender='M', address='Japan'}, EmployeePayrollData{id=173, name='Kim', startDate=2020-11-04, phone_number='5500440077', gender='F', address='Malibu'}]
]]></system-out>
  <system-err><![CDATA[]]></system-err>
</testsuite>
