<?xml version="1.0" encoding="UTF-8"?>
<testsuite name="com.bridgelabz.javapractice.NIOFileAPITest" tests="1" skipped="0" failures="0" errors="0" timestamp="2020-10-14T12:11:48" hostname="LAPTOP-RGI87V6B" time="0.04">
  <properties/>
  <testcase name="givenPath_whenChecked_thenConfirm" classname="com.bridgelabz.javapractice.NIOFileAPITest" time="0.04"/>
  <system-out><![CDATA[C:\Users\Rituparna Biswas\TempPlayGround\temp1
C:\Users\Rituparna Biswas\TempPlayGround\temp2
C:\Users\Rituparna Biswas\TempPlayGround\temp3
C:\Users\Rituparna Biswas\TempPlayGround\temp4
C:\Users\Rituparna Biswas\TempPlayGround\temp5
C:\Users\Rituparna Biswas\TempPlayGround\temp6
C:\Users\Rituparna Biswas\TempPlayGround\temp7
C:\Users\Rituparna Biswas\TempPlayGround\temp8
C:\Users\Rituparna Biswas\TempPlayGround\temp9
C:\Users\Rituparna Biswas\TempPlayGround\temp1
C:\Users\Rituparna Biswas\TempPlayGround\temp2
C:\Users\Rituparna Biswas\TempPlayGround\temp3
C:\Users\Rituparna Biswas\TempPlayGround\temp4
C:\Users\Rituparna Biswas\TempPlayGround\temp5
C:\Users\Rituparna Biswas\TempPlayGround\temp6
C:\Users\Rituparna Biswas\TempPlayGround\temp7
C:\Users\Rituparna Biswas\TempPlayGround\temp8
C:\Users\Rituparna Biswas\TempPlayGround\temp9
]]></system-out>
  <system-err><![CDATA[]]></system-err>
</testsuite>
