<?xml version="1.0" encoding="UTF-8"?>
<testsuite name="com.bridgelabz.javapractice.Java8WatchServiceTest" tests="1" skipped="1" failures="0" errors="0" timestamp="2020-10-14T12:53:11" hostname="LAPTOP-RGI87V6B" time="29.424">
  <properties/>
  <testcase name="givenADirectoryWhenWatchedListsAllTheActivities" classname="com.bridgelabz.javapractice.Java8WatchServiceTest" time="29.424">
    <skipped/>
  </testcase>
  <system-out><![CDATA[C:\Users\Rituparna Biswas\TempPlayGround\temp0
C:\Users\Rituparna Biswas\TempPlayGround\temp1
C:\Users\Rituparna Biswas\TempPlayGround\temp2
C:\Users\Rituparna Biswas\TempPlayGround\temp3
C:\Users\Rituparna Biswas\TempPlayGround\temp4
C:\Users\Rituparna Biswas\TempPlayGround\temp5
C:\Users\Rituparna Biswas\TempPlayGround\temp6
C:\Users\Rituparna Biswas\TempPlayGround\temp7
C:\Users\Rituparna Biswas\TempPlayGround\temp8
C:\Users\Rituparna Biswas\TempPlayGround\temp9
]]></system-out>
  <system-err><![CDATA[]]></system-err>
</testsuite>
