<?xml version="1.0" encoding="UTF-8"?>
<testsuite name="com.bridgelabz.javapractice.EmployeePayrollServiceTest" tests="1" skipped="0" failures="0" errors="0" timestamp="2020-11-05T06:41:35" hostname="LAPTOP-RGI87V6B" time="6.59">
  <properties/>
  <testcase name="givenEmployeeDataInJsonServer_whenRetrieved_shouldMatchTheCount" classname="com.bridgelabz.javapractice.EmployeePayrollServiceTest" time="6.59"/>
  <system-out><![CDATA[EMPLOYEE PAYROLL ENTRIES IN JSON Server:
[
  {
    "id": 1,
    "name": "Bill",
    "phoneNumber": "1234567890",
    "address": "California",
    "gender": "M",
    "startDate": {
      "year": "2018",
      "month": "01",
      "day": "03"
    }
  },
  {
    "id": 2,
    "name": "Terisa",
    "phoneNumber": "1111333344",
    "address": "Dubai",
    "gender": "F",
    "startDate": {
      "year": "2019",
      "month": "11",
      "day": "13"
    }
  },
  {
    "id": 3,
    "name": "Charlie",
    "phoneNumber": "7890123456",
    "address": "NY",
    "gender": "M",
    "startDate": {
      "year": "2020",
      "month": "05",
      "day": "21"
    }
  }
]
]]></system-out>
  <system-err><![CDATA[]]></system-err>
</testsuite>
